<?xml version="1.0" encoding="UTF-8"?>
<!-- Generated by org.testng.reporters.JUnitReportReporter -->
<testsuite skipped="0" hostname="Vrushali-PC" name="com.qtpselenium.zoho.project.testcases.Corditest" tests="1" failures="0" timestamp="18 Apr 2018 07:28:34 GMT" time="29.909" errors="0">
  <testcase name="testGoogle" time="29.909" classname="com.qtpselenium.zoho.project.testcases.Corditest"/>
</testsuite> <!-- com.qtpselenium.zoho.project.testcases.Corditest -->
