<?xml version="1.0" encoding="UTF-8"?>
<!-- Generated by org.testng.reporters.JUnitReportReporter -->
<testsuite skipped="9" hostname="Vrushali-PC" name="com.qtpselenium.zoho.project.testcases.LeadTest" tests="9" failures="0" timestamp="04 May 2018 13:40:56 GMT" time="0.477" errors="0">
  <testcase name="CreateLeadTest" time="0.063" classname="com.qtpselenium.zoho.project.testcases.LeadTest">
    <skipped/>
  </testcase> <!-- CreateLeadTest -->
  <testcase name="CreateLeadTest" time="0.039" classname="com.qtpselenium.zoho.project.testcases.LeadTest">
    <skipped/>
  </testcase> <!-- CreateLeadTest -->
  <testcase name="CreateLeadTest" time="0.047" classname="com.qtpselenium.zoho.project.testcases.LeadTest">
    <skipped/>
  </testcase> <!-- CreateLeadTest -->
  <testcase name="CreateLeadTest" time="0.040" classname="com.qtpselenium.zoho.project.testcases.LeadTest">
    <skipped/>
  </testcase> <!-- CreateLeadTest -->
  <testcase name="ConvertLeadTest" time="0.056" classname="com.qtpselenium.zoho.project.testcases.LeadTest">
    <skipped/>
  </testcase> <!-- ConvertLeadTest -->
  <testcase name="ConvertLeadTest" time="0.057" classname="com.qtpselenium.zoho.project.testcases.LeadTest">
    <skipped/>
  </testcase> <!-- ConvertLeadTest -->
  <testcase name="ConvertLeadTest" time="0.063" classname="com.qtpselenium.zoho.project.testcases.LeadTest">
    <skipped/>
  </testcase> <!-- ConvertLeadTest -->
  <testcase name="ConvertLeadTest" time="0.041" classname="com.qtpselenium.zoho.project.testcases.LeadTest">
    <skipped/>
  </testcase> <!-- ConvertLeadTest -->
  <testcase name="deleteLeadAccountTest" time="0.071" classname="com.qtpselenium.zoho.project.testcases.LeadTest">
    <skipped/>
  </testcase> <!-- deleteLeadAccountTest -->
</testsuite> <!-- com.qtpselenium.zoho.project.testcases.LeadTest -->
