<?xml version="1.0" encoding="UTF-8"?>
<!-- Generated by org.testng.reporters.JUnitReportReporter -->
<testsuite skipped="2" hostname="Vrushali-PC" name="com.qtpselenium.zoho.project.testcases.LoginTest" tests="2" failures="0" timestamp="04 May 2018 13:37:37 GMT" time="0.576" errors="0">
  <testcase name="doLoginTest" time="0.473" classname="com.qtpselenium.zoho.project.testcases.LoginTest">
    <skipped/>
  </testcase> <!-- doLoginTest -->
  <testcase name="doLoginTest" time="0.103" classname="com.qtpselenium.zoho.project.testcases.LoginTest">
    <skipped/>
  </testcase> <!-- doLoginTest -->
</testsuite> <!-- com.qtpselenium.zoho.project.testcases.LoginTest -->
